<?xml version="1.0" encoding="UTF-8"?>
<beans xmlns="http://www.springframework.org/schema/beans"
       xmlns:xsi="http://www.w3.org/2001/XMLSchema-instance"
       xmlns:context="http://www.springframework.org/schema/context"
       xmlns:mvc="http://www.springframework.org/schema/mvc"
       xsi:schemaLocation="http://www.springframework.org/schema/beans http://www.springframework.org/schema/beans/spring-beans.xsd
						http://www.springframework.org/schema/context http://www.springframework.org/schema/context/spring-context.xsd
						http://www.springframework.org/schema/mvc http://www.springframework.org/schema/mvc/spring-mvc-3.0.xsd">

    <bean class="org.springframework.web.servlet.mvc.annotation.DefaultAnnotationHandlerMapping" />

    <context:component-scan base-package="org.stjude.postal" />

    <context:property-placeholder location="classpath*:db.work.properties" />

    <bean id="dataSource" class="org.apache.commons.dbcp.BasicDataSource">
        <property name="url" value="${db.url}"/>
        <property name="username" value="${db.username}"/>
        <property name="password" value="${db.password}"/>
        <property name="driverClassName" value="${db.driver}"/>
        <property name="initialSize" value="10"/>
        <property name="maxActive" value="0"/>
        <property name="maxIdle" value="30"/>
        <property name="minIdle" value="10"/>
    </bean>

    <bean class="org.springframework.web.servlet.mvc.annotation.DefaultAnnotationHandlerMapping" />

    <bean class="org.springframework.web.servlet.view.ContentNegotiatingViewResolver">
        <property name="viewResolvers">
            <list>
                <bean class="org.springframework.web.servlet.view.BeanNameViewResolver" />
                <bean id="viewResolver" class="org.springframework.web.servlet.view.freemarker.FreeMarkerViewResolver">
                    <property name="cache" value="true"/>
                    <property name="prefix" value=""/>
                    <property name="suffix" value=".ftl"/>
                    <property name="contentType" value="text/html;charset=UTF-8"/>
                </bean>
            </list>
        </property>
    </bean>

    <bean class="org.springframework.web.servlet.mvc.annotation.AnnotationMethodHandlerAdapter" />

    <mvc:annotation-driven/>
</beans>
